<?xml version="1.0" encoding="UTF-8"?>
<robot generator="Robot 7.0 (Python 3.11.3 on win32)" generated="2024-04-23T23:29:19.911823" rpa="false" schemaversion="5">
<suite id="s1" name="Json Data From File" source="C:\Users\samarth.kulkarni\PycharmProjects\RobotFramework-API\json_data_from_file.robot">
<test id="s1-t1" name="post with json data from file" line="28">
<kw name="Load Json From File" owner="JSONLibrary">
<msg time="2024-04-23T23:29:20.330864" level="INFO">${json_data} = {'title': 'MIB5', 'body': 'sci-fic', 'userId': '079'}</msg>
<var>${json_data}</var>
<arg>data.json</arg>
<doc>Load JSON from file.</doc>
<status status="PASS" start="2024-04-23T23:29:20.329865" elapsed="0.000999"/>
</kw>
<kw name="Log" owner="BuiltIn">
<msg time="2024-04-23T23:29:20.332866" level="INFO">{'title': 'MIB5', 'body': 'sci-fic', 'userId': '079'}</msg>
<arg>${json_data}</arg>
<doc>Logs the given message with the given level.</doc>
<status status="PASS" start="2024-04-23T23:29:20.331875" elapsed="0.000991"/>
</kw>
<kw name="Set To Dictionary" owner="Collections">
<arg>${json_data}</arg>
<arg>title=FIN</arg>
<doc>Adds the given ``key_value_pairs`` and/or ``items`` to the ``dictionary``.</doc>
<status status="PASS" start="2024-04-23T23:29:20.332866" elapsed="0.000998"/>
</kw>
<kw name="Log" owner="BuiltIn">
<msg time="2024-04-23T23:29:20.334865" level="INFO">{'title': 'FIN', 'body': 'sci-fic', 'userId': '079'}</msg>
<arg>${json_data}</arg>
<doc>Logs the given message with the given level.</doc>
<status status="PASS" start="2024-04-23T23:29:20.333864" elapsed="0.001001"/>
</kw>
<kw name="POST" owner="RequestsLibrary">
<msg time="2024-04-23T23:29:21.796197" level="INFO">POST Request : url=https://jsonplaceholder.typicode.com/posts 
 path_url=/posts 
 headers={'User-Agent': 'python-requests/2.31.0', 'Accept-Encoding': 'gzip, deflate', 'Accept': '*/*', 'Connection': 'keep-alive', 'Content-Length': '52', 'Content-Type': 'application/json'} 
 body=b'{"title": "FIN", "body": "sci-fic", "userId": "079"}' 
 </msg>
<msg time="2024-04-23T23:29:21.796197" level="INFO">POST Response : url=https://jsonplaceholder.typicode.com/posts 
 status=201, reason=Created 
 headers={'Date': 'Tue, 23 Apr 2024 17:59:21 GMT', 'Content-Type': 'application/json; charset=utf-8', 'Content-Length': '73', 'Connection': 'keep-alive', 'Report-To': '{"group":"heroku-nel","max_age":3600,"endpoints":[{"url":"https://nel.heroku.com/reports?ts=1713895161&amp;sid=e11707d5-02a7-43ef-b45e-2cf4d2036f7d&amp;s=Hbx22rdzIMurEgFGRe%2BvLdRKhdAAmwE3jllcR5o2nlc%3D"}]}', 'Reporting-Endpoints': 'heroku-nel=https://nel.heroku.com/reports?ts=1713895161&amp;sid=e11707d5-02a7-43ef-b45e-2cf4d2036f7d&amp;s=Hbx22rdzIMurEgFGRe%2BvLdRKhdAAmwE3jllcR5o2nlc%3D', 'Nel': '{"report_to":"heroku-nel","max_age":3600,"success_fraction":0.005,"failure_fraction":0.05,"response_headers":["Via"]}', 'X-Powered-By': 'Express', 'X-Ratelimit-Limit': '1000', 'X-Ratelimit-Remaining': '999', 'X-Ratelimit-Reset': '1713895215', 'Vary': 'Origin, X-HTTP-Method-Override, Accept-Encoding', 'Access-Control-Allow-Credentials': 'true', 'Cache-Control': 'no-cache', 'Pragma': 'no-cache', 'Expires': '-1', 'Access-Control-Expose-Headers': 'Location', 'Location': 'https://jsonplaceholder.typicode.com/posts/101', 'X-Content-Type-Options': 'nosniff', 'Etag': 'W/"49-fZllOJxEL4aWNVEE7u3Fr5Uupho"', 'Via': '1.1 vegur', 'CF-Cache-Status': 'DYNAMIC', 'Server': 'cloudflare', 'CF-RAY': '878fbf36d852947d-LHR', 'alt-svc': 'h3=":443"; ma=86400'} 
 body={
  "title": "FIN",
  "body": "sci-fic",
  "userId": "079",
  "id": 101
} 
 </msg>
<msg time="2024-04-23T23:29:21.796197" level="INFO">${response} = &lt;Response [201]&gt;</msg>
<var>${response}</var>
<arg>${base_url}/posts</arg>
<arg>json=${json_data}</arg>
<doc>Sends a POST request.</doc>
<status status="PASS" start="2024-04-23T23:29:20.335864" elapsed="1.460333"/>
</kw>
<kw name="Log" owner="BuiltIn">
<msg time="2024-04-23T23:29:21.798294" level="INFO">&lt;Response [201]&gt;</msg>
<arg>${response}</arg>
<doc>Logs the given message with the given level.</doc>
<status status="PASS" start="2024-04-23T23:29:21.797199" elapsed="0.001095"/>
</kw>
<status status="PASS" start="2024-04-23T23:29:20.326865" elapsed="1.472335"/>
</test>
<status status="PASS" start="2024-04-23T23:29:19.917103" elapsed="1.884206"/>
</suite>
<statistics>
<total>
<stat pass="1" fail="0" skip="0">All Tests</stat>
</total>
<tag>
</tag>
<suite>
<stat pass="1" fail="0" skip="0" id="s1" name="Json Data From File">Json Data From File</stat>
</suite>
</statistics>
<errors>
</errors>
</robot>
