<?xml version="1.0" encoding="UTF-8"?>
<robot generator="Robot 7.0 (Python 3.11.3 on win32)" generated="2024-04-07T15:55:43.242120" rpa="false" schemaversion="5">
<suite id="s1" name="Webelements" source="C:\Users\samarth.kulkarni\PycharmProjects\RobotFramework-Selenium\webelements">
<suite id="s1-s1" name="Input Field" source="C:\Users\samarth.kulkarni\PycharmProjects\RobotFramework-Selenium\webelements\input_field.robot">
<test id="s1-s1-t1" name="Handling input field" line="8">
<kw name="Open Browser" owner="SeleniumLibrary">
<msg time="2024-04-07T15:55:43.533595" level="INFO">Opening browser 'chrome' to base url 'https://www.letskodeit.com/practice'.</msg>
<arg>https://www.letskodeit.com/practice</arg>
<arg>chrome</arg>
<doc>Opens a new browser instance to the optional ``url``.</doc>
<status status="PASS" start="2024-04-07T15:55:43.532712" elapsed="20.517917"/>
</kw>
<kw name="Maximize Browser Window" owner="SeleniumLibrary">
<doc>Maximizes current browser window.</doc>
<status status="PASS" start="2024-04-07T15:56:04.051858" elapsed="0.213108"/>
</kw>
<kw name="Page Should Contain Textfield" owner="SeleniumLibrary">
<msg time="2024-04-07T15:56:04.448713" level="INFO">Current page contains text field '//input[@id='autosuggest']'.</msg>
<arg>${input_field}</arg>
<doc>Verifies text field ``locator`` is found from current page.</doc>
<status status="PASS" start="2024-04-07T15:56:04.265465" elapsed="0.183248"/>
</kw>
<kw name="Element Should Be Visible" owner="SeleniumLibrary">
<msg time="2024-04-07T15:56:04.604199" level="INFO">Element '//input[@id='autosuggest']' is displayed.</msg>
<arg>${input_field}</arg>
<doc>Verifies that the element identified by ``locator`` is visible.</doc>
<status status="PASS" start="2024-04-07T15:56:04.450209" elapsed="0.154491"/>
</kw>
<kw name="Element Should Be Enabled" owner="SeleniumLibrary">
<arg>${input_field}</arg>
<doc>Verifies that element identified by ``locator`` is enabled.</doc>
<status status="PASS" start="2024-04-07T15:56:04.605198" elapsed="0.069180"/>
</kw>
<kw name="Input Text" owner="SeleniumLibrary">
<msg time="2024-04-07T15:56:04.675376" level="INFO">Typing text 'Samarth' into text field '//input[@id='autosuggest']'.</msg>
<arg>${input_field}</arg>
<arg>Samarth</arg>
<doc>Types the given ``text`` into the text field identified by ``locator``.</doc>
<status status="PASS" start="2024-04-07T15:56:04.674876" elapsed="0.254874"/>
</kw>
<kw name="Sleep" owner="BuiltIn">
<msg time="2024-04-07T15:56:07.931976" level="INFO">Slept 3 seconds.</msg>
<arg>3</arg>
<doc>Pauses the test executed for the given time.</doc>
<status status="PASS" start="2024-04-07T15:56:04.929750" elapsed="3.002226"/>
</kw>
<kw name="Clear Element Text" owner="SeleniumLibrary">
<arg>${input_field}</arg>
<doc>Clears the value of the text-input-element identified by ``locator``.</doc>
<status status="PASS" start="2024-04-07T15:56:07.932984" elapsed="0.255222"/>
</kw>
<kw name="Sleep" owner="BuiltIn">
<msg time="2024-04-07T15:56:11.189713" level="INFO">Slept 3 seconds.</msg>
<arg>3</arg>
<doc>Pauses the test executed for the given time.</doc>
<status status="PASS" start="2024-04-07T15:56:08.188707" elapsed="3.001006"/>
</kw>
<kw name="Close Browser" owner="SeleniumLibrary">
<doc>Closes the current browser.</doc>
<status status="PASS" start="2024-04-07T15:56:11.190214" elapsed="2.426303"/>
</kw>
<status status="PASS" start="2024-04-07T15:55:43.531217" elapsed="30.086291"/>
</test>
<status status="PASS" start="2024-04-07T15:55:43.280548" elapsed="30.337980"/>
</suite>
<status status="PASS" start="2024-04-07T15:55:43.258663" elapsed="30.361863"/>
</suite>
<statistics>
<total>
<stat pass="1" fail="0" skip="0">All Tests</stat>
</total>
<tag>
</tag>
<suite>
<stat pass="1" fail="0" skip="0" id="s1" name="Webelements">Webelements</stat>
<stat pass="1" fail="0" skip="0" id="s1-s1" name="Input Field">Webelements.Input Field</stat>
</suite>
</statistics>
<errors>
</errors>
</robot>
