<?xml version="1.0" encoding="UTF-8"?>
<robot generator="Robot 7.0 (Python 3.11.3 on win32)" generated="2024-06-12T16:50:13.273505" rpa="false" schemaversion="5">
<suite id="s1" name="Practice" source="C:\Users\samarth.kulkarni\PycharmProjects\RobotFramework-Selenium\practice.robot">
<test id="s1-t1" name="login" line="5">
<kw name="Open Browser" owner="SeleniumLibrary">
<msg time="2024-06-12T16:50:13.615106" level="INFO">Opening browser 'chrome' to base url 'http://samarth.kulkarni@comviva.com:Mrtm@321@mrtm.mobilityx.pvg.release:90/login'.</msg>
<arg>http://samarth.kulkarni@comviva.com:Mrtm@321@mrtm.mobilityx.pvg.release:90/login</arg>
<arg>chrome</arg>
<doc>Opens a new browser instance to the optional ``url``.</doc>
<status status="PASS" start="2024-06-12T16:50:13.615106" elapsed="15.793454"/>
</kw>
<kw name="Maximize Browser Window" owner="SeleniumLibrary">
<doc>Maximizes current browser window.</doc>
<status status="PASS" start="2024-06-12T16:50:29.410555" elapsed="0.145803"/>
</kw>
<kw name="Input Text" owner="SeleniumLibrary">
<msg time="2024-06-12T16:50:29.559358" level="INFO">Typing text 'samarth.kulkarni@comviva.com' into text field '//input[@type='email']'.</msg>
<arg>//input[@type='email']</arg>
<arg>samarth.kulkarni@comviva.com</arg>
<doc>Types the given ``text`` into the text field identified by ``locator``.</doc>
<status status="PASS" start="2024-06-12T16:50:29.557858" elapsed="0.676819"/>
</kw>
<kw name="Input Password" owner="SeleniumLibrary">
<msg time="2024-06-12T16:50:30.236729" level="INFO">Typing password into text field '//input[@type='password']'.</msg>
<msg time="2024-06-12T16:50:30.365662" level="INFO">Temporally setting log level to: NONE</msg>
<arg>//input[@type='password']</arg>
<arg>Mrtm@321</arg>
<doc>Types the given password into the text field identified by ``locator``.</doc>
<status status="PASS" start="2024-06-12T16:50:30.236729" elapsed="0.328270"/>
</kw>
<kw name="Sleep" owner="BuiltIn">
<msg time="2024-06-12T16:50:33.570170" level="INFO">Slept 3 seconds.</msg>
<arg>3</arg>
<doc>Pauses the test executed for the given time.</doc>
<status status="PASS" start="2024-06-12T16:50:30.568004" elapsed="3.002166"/>
</kw>
<kw name="Click Button" owner="SeleniumLibrary">
<msg time="2024-06-12T16:50:33.572172" level="INFO">Clicking button '//button[@type='submit']'.</msg>
<arg>//button[@type='submit']</arg>
<doc>Clicks the button identified by ``locator``.</doc>
<status status="PASS" start="2024-06-12T16:50:33.571170" elapsed="0.255020"/>
</kw>
<kw name="Alert Should Be Present" owner="SeleniumLibrary">
<msg time="2024-06-12T16:50:33.829720" level="INFO">HANDLE::&lt;class 'datetime.timedelta'&gt;::0:00:10</msg>
<msg time="2024-06-12T16:50:44.347202" level="INFO" html="true">&lt;/td&gt;&lt;/tr&gt;&lt;tr&gt;&lt;td colspan="3"&gt;&lt;a href="selenium-screenshot-10.png"&gt;&lt;img src="selenium-screenshot-10.png" width="800px"&gt;&lt;/a&gt;</msg>
<msg time="2024-06-12T16:50:44.348343" level="FAIL">Alert not found in 10 seconds.</msg>
<arg>timeout=10</arg>
<doc>Verifies that an alert is present and by default, accepts it.</doc>
<status status="FAIL" start="2024-06-12T16:50:33.828689" elapsed="10.527963">Alert not found in 10 seconds.</status>
</kw>
<kw name="Handle Alert" owner="SeleniumLibrary">
<arg>DISMISS</arg>
<doc>Handles the current alert and returns its message.</doc>
<status status="NOT RUN" start="2024-06-12T16:50:44.358172" elapsed="0.000000"/>
</kw>
<kw name="Sleep" owner="BuiltIn">
<arg>3</arg>
<doc>Pauses the test executed for the given time.</doc>
<status status="NOT RUN" start="2024-06-12T16:50:44.359500" elapsed="0.000000"/>
</kw>
<status status="FAIL" start="2024-06-12T16:50:13.612959" elapsed="30.747330">Alert not found in 10 seconds.</status>
</test>
<status status="FAIL" start="2024-06-12T16:50:13.278238" elapsed="31.090208"/>
</suite>
<statistics>
<total>
<stat pass="0" fail="1" skip="0">All Tests</stat>
</total>
<tag>
</tag>
<suite>
<stat pass="0" fail="1" skip="0" id="s1" name="Practice">Practice</stat>
</suite>
</statistics>
<errors>
</errors>
</robot>
